2021-08-11 21:47:21  [ main:0 ] - [ INFO ]  parseC:\Users\ding7\Desktop\newtest\preprocessor\Conditional inclusion.cpp
  2021-08-11 21:47:21  [ main:514 ] - [ INFO ]  start dependency
  2021-08-11 21:47:21  [ main:517 ] - [ INFO ]  includenum:0
  2021-08-11 21:47:21  [ main:517 ] - [ INFO ]  definenum:0
  2021-08-11 21:47:21  [ main:517 ] - [ INFO ]  callnum:0
  2021-08-11 21:47:21  [ main:517 ] - [ INFO ]  returnnum:0
  2021-08-11 21:47:21  [ main:517 ] - [ INFO ]  parameternum:0
  2021-08-11 21:47:21  [ main:517 ] - [ INFO ]  extendnum:0
  2021-08-11 21:47:21  [ main:517 ] - [ INFO ]  overridenum:0
  2021-08-11 21:47:21  [ main:578 ] - [ INFO ]  Process finish!
  2021-08-11 21:48:58  [ main:0 ] - [ INFO ]  parseC:\Users\ding7\Desktop\newtest\preprocessor\Conditional inclusion.cpp
  2021-08-11 21:48:59  [ main:421 ] - [ INFO ]  start dependency
  2021-08-11 21:48:59  [ main:423 ] - [ INFO ]  includenum:0
  2021-08-11 21:48:59  [ main:423 ] - [ INFO ]  definenum:0
  2021-08-11 21:48:59  [ main:424 ] - [ INFO ]  callnum:0
  2021-08-11 21:48:59  [ main:424 ] - [ INFO ]  returnnum:0
  2021-08-11 21:48:59  [ main:424 ] - [ INFO ]  parameternum:0
  2021-08-11 21:48:59  [ main:424 ] - [ INFO ]  extendnum:0
  2021-08-11 21:48:59  [ main:424 ] - [ INFO ]  overridenum:0
  2021-08-11 21:48:59  [ main:475 ] - [ INFO ]  Process finish!
  2021-08-11 21:50:50  [ main:0 ] - [ INFO ]  parseC:\Users\ding7\Desktop\newtest\preprocessor\Conditional inclusion.cpp
  2021-08-11 21:50:51  [ main:405 ] - [ INFO ]  start dependency
  2021-08-11 21:50:51  [ main:407 ] - [ INFO ]  includenum:0
  2021-08-11 21:50:51  [ main:407 ] - [ INFO ]  definenum:0
  2021-08-11 21:50:51  [ main:407 ] - [ INFO ]  callnum:0
  2021-08-11 21:50:51  [ main:407 ] - [ INFO ]  returnnum:0
  2021-08-11 21:50:51  [ main:407 ] - [ INFO ]  parameternum:0
  2021-08-11 21:50:51  [ main:407 ] - [ INFO ]  extendnum:0
  2021-08-11 21:50:51  [ main:407 ] - [ INFO ]  overridenum:0
  2021-08-11 21:50:51  [ main:460 ] - [ INFO ]  Process finish!
  2021-08-11 21:51:02  [ main:0 ] - [ INFO ]  parseC:\Users\ding7\Desktop\newtest\preprocessor\Conditional inclusion.cpp
  2021-08-11 21:51:02  [ main:402 ] - [ INFO ]  start dependency
  2021-08-11 21:51:02  [ main:404 ] - [ INFO ]  includenum:0
  2021-08-11 21:51:02  [ main:404 ] - [ INFO ]  definenum:0
  2021-08-11 21:51:02  [ main:404 ] - [ INFO ]  callnum:0
  2021-08-11 21:51:02  [ main:404 ] - [ INFO ]  returnnum:0
  2021-08-11 21:51:02  [ main:404 ] - [ INFO ]  parameternum:0
  2021-08-11 21:51:02  [ main:404 ] - [ INFO ]  extendnum:0
  2021-08-11 21:51:02  [ main:404 ] - [ INFO ]  overridenum:0
  2021-08-11 21:51:02  [ main:458 ] - [ INFO ]  Process finish!
  2021-08-11 21:52:33  [ main:0 ] - [ INFO ]  parseC:\Users\ding7\Desktop\newtest\preprocessor\Conditional inclusion.cpp
  2021-08-11 21:52:33  [ main:403 ] - [ INFO ]  start dependency
  2021-08-11 21:52:33  [ main:405 ] - [ INFO ]  includenum:0
  2021-08-11 21:52:33  [ main:405 ] - [ INFO ]  definenum:0
  2021-08-11 21:52:33  [ main:405 ] - [ INFO ]  callnum:0
  2021-08-11 21:52:33  [ main:406 ] - [ INFO ]  returnnum:0
  2021-08-11 21:52:33  [ main:406 ] - [ INFO ]  parameternum:0
  2021-08-11 21:52:33  [ main:406 ] - [ INFO ]  extendnum:0
  2021-08-11 21:52:33  [ main:406 ] - [ INFO ]  overridenum:0
  2021-08-11 21:52:33  [ main:458 ] - [ INFO ]  Process finish!
  2021-08-11 21:52:54  [ main:0 ] - [ INFO ]  parseC:\Users\ding7\Desktop\newtest\preprocessor\Conditional inclusion.cpp
  2021-08-11 21:52:54  [ main:403 ] - [ INFO ]  start dependency
  2021-08-11 21:52:55  [ main:405 ] - [ INFO ]  includenum:0
  2021-08-11 21:52:55  [ main:405 ] - [ INFO ]  definenum:0
  2021-08-11 21:52:55  [ main:405 ] - [ INFO ]  callnum:0
  2021-08-11 21:52:55  [ main:405 ] - [ INFO ]  returnnum:0
  2021-08-11 21:52:55  [ main:405 ] - [ INFO ]  parameternum:0
  2021-08-11 21:52:55  [ main:406 ] - [ INFO ]  extendnum:0
  2021-08-11 21:52:55  [ main:406 ] - [ INFO ]  overridenum:0
  2021-08-11 21:52:55  [ main:456 ] - [ INFO ]  Process finish!
  2021-08-11 21:54:56  [ main:0 ] - [ INFO ]  parseC:\Users\ding7\Desktop\newtest\preprocessor\Conditional inclusion.cpp
  2021-08-11 21:54:56  [ main:398 ] - [ INFO ]  start dependency
  2021-08-11 21:54:56  [ main:400 ] - [ INFO ]  includenum:0
  2021-08-11 21:54:56  [ main:400 ] - [ INFO ]  definenum:0
  2021-08-11 21:54:56  [ main:400 ] - [ INFO ]  callnum:0
  2021-08-11 21:54:56  [ main:400 ] - [ INFO ]  returnnum:0
  2021-08-11 21:54:56  [ main:400 ] - [ INFO ]  parameternum:0
  2021-08-11 21:54:56  [ main:400 ] - [ INFO ]  extendnum:0
  2021-08-11 21:54:56  [ main:400 ] - [ INFO ]  overridenum:0
  2021-08-11 21:54:56  [ main:452 ] - [ INFO ]  Process finish!
  2021-08-11 21:55:23  [ main:0 ] - [ INFO ]  parseC:\Users\ding7\Desktop\newtest\preprocessor\Conditional inclusion.cpp
  2021-08-11 21:55:23  [ main:397 ] - [ INFO ]  start dependency
  2021-08-11 21:55:23  [ main:399 ] - [ INFO ]  includenum:0
  2021-08-11 21:55:23  [ main:399 ] - [ INFO ]  definenum:0
  2021-08-11 21:55:23  [ main:399 ] - [ INFO ]  callnum:0
  2021-08-11 21:55:23  [ main:399 ] - [ INFO ]  returnnum:0
  2021-08-11 21:55:23  [ main:399 ] - [ INFO ]  parameternum:0
  2021-08-11 21:55:23  [ main:399 ] - [ INFO ]  extendnum:0
  2021-08-11 21:55:23  [ main:399 ] - [ INFO ]  overridenum:0
  2021-08-11 21:55:23  [ main:448 ] - [ INFO ]  Process finish!
  2021-08-11 21:56:17  [ main:0 ] - [ INFO ]  parseC:\Users\ding7\Desktop\newtest\preprocessor\Conditional inclusion.cpp
  2021-08-11 21:56:17  [ main:401 ] - [ INFO ]  start dependency
  2021-08-11 21:56:17  [ main:403 ] - [ INFO ]  includenum:0
  2021-08-11 21:56:17  [ main:403 ] - [ INFO ]  definenum:0
  2021-08-11 21:56:17  [ main:403 ] - [ INFO ]  callnum:0
  2021-08-11 21:56:17  [ main:403 ] - [ INFO ]  returnnum:0
  2021-08-11 21:56:17  [ main:404 ] - [ INFO ]  parameternum:0
  2021-08-11 21:56:17  [ main:404 ] - [ INFO ]  extendnum:0
  2021-08-11 21:56:17  [ main:404 ] - [ INFO ]  overridenum:0
  2021-08-11 21:56:17  [ main:454 ] - [ INFO ]  Process finish!
  2021-08-11 21:56:41  [ main:0 ] - [ INFO ]  parseC:\Users\ding7\Desktop\newtest\preprocessor\Conditional inclusion.cpp
  2021-08-11 21:56:41  [ main:412 ] - [ INFO ]  start dependency
  2021-08-11 21:56:41  [ main:414 ] - [ INFO ]  includenum:0
  2021-08-11 21:56:41  [ main:414 ] - [ INFO ]  definenum:0
  2021-08-11 21:56:41  [ main:414 ] - [ INFO ]  callnum:0
  2021-08-11 21:56:41  [ main:414 ] - [ INFO ]  returnnum:0
  2021-08-11 21:56:41  [ main:414 ] - [ INFO ]  parameternum:0
  2021-08-11 21:56:41  [ main:414 ] - [ INFO ]  extendnum:0
  2021-08-11 21:56:41  [ main:414 ] - [ INFO ]  overridenum:0
  2021-08-11 21:56:42  [ main:464 ] - [ INFO ]  Process finish!
  2021-08-11 21:57:09  [ main:0 ] - [ INFO ]  parseC:\Users\ding7\Desktop\newtest\preprocessor\Conditional inclusion.cpp
  2021-08-11 21:57:10  [ main:403 ] - [ INFO ]  start dependency
  2021-08-11 21:57:10  [ main:405 ] - [ INFO ]  includenum:0
  2021-08-11 21:57:10  [ main:405 ] - [ INFO ]  definenum:0
  2021-08-11 21:57:10  [ main:405 ] - [ INFO ]  callnum:0
  2021-08-11 21:57:10  [ main:405 ] - [ INFO ]  returnnum:0
  2021-08-11 21:57:10  [ main:405 ] - [ INFO ]  parameternum:0
  2021-08-11 21:57:10  [ main:405 ] - [ INFO ]  extendnum:0
  2021-08-11 21:57:10  [ main:405 ] - [ INFO ]  overridenum:0
  2021-08-11 21:57:10  [ main:456 ] - [ INFO ]  Process finish!
  2021-08-11 22:03:46  [ main:0 ] - [ INFO ]  parseC:\Users\ding7\Desktop\newtest\preprocessor\Conditional inclusion.cpp
  2021-08-11 22:03:46  [ main:0 ] - [ INFO ]  parseC:\Users\ding7\Desktop\newtest\preprocessor\Conditional inclusion.cpp
  2021-08-11 22:03:46  [ main:530 ] - [ INFO ]  start dependency
  2021-08-11 22:03:46  [ main:527 ] - [ INFO ]  start dependency
  2021-08-11 22:03:46  [ main:532 ] - [ INFO ]  includenum:0
  2021-08-11 22:03:46  [ main:529 ] - [ INFO ]  includenum:0
  2021-08-11 22:03:46  [ main:532 ] - [ INFO ]  definenum:0
  2021-08-11 22:03:46  [ main:529 ] - [ INFO ]  definenum:0
  2021-08-11 22:03:46  [ main:529 ] - [ INFO ]  callnum:0
  2021-08-11 22:03:46  [ main:532 ] - [ INFO ]  callnum:0
  2021-08-11 22:03:46  [ main:529 ] - [ INFO ]  returnnum:0
  2021-08-11 22:03:46  [ main:530 ] - [ INFO ]  parameternum:0
  2021-08-11 22:03:46  [ main:533 ] - [ INFO ]  returnnum:0
  2021-08-11 22:03:46  [ main:530 ] - [ INFO ]  extendnum:0
  2021-08-11 22:03:46  [ main:533 ] - [ INFO ]  parameternum:0
  2021-08-11 22:03:46  [ main:530 ] - [ INFO ]  overridenum:0
  2021-08-11 22:03:46  [ main:533 ] - [ INFO ]  extendnum:0
  2021-08-11 22:03:46  [ main:533 ] - [ INFO ]  overridenum:0
  2021-08-11 22:03:46  [ main:588 ] - [ INFO ]  Process finish!
  2021-08-11 22:03:46  [ main:591 ] - [ INFO ]  Process finish!
  2021-08-11 22:04:23  [ main:0 ] - [ INFO ]  parseC:\Users\ding7\Desktop\newtest\preprocessor\Conditional inclusion.cpp
  2021-08-11 22:04:23  [ main:404 ] - [ INFO ]  start dependency
  2021-08-11 22:04:23  [ main:406 ] - [ INFO ]  includenum:0
  2021-08-11 22:04:23  [ main:406 ] - [ INFO ]  definenum:0
  2021-08-11 22:04:23  [ main:406 ] - [ INFO ]  callnum:0
  2021-08-11 22:04:23  [ main:406 ] - [ INFO ]  returnnum:0
  2021-08-11 22:04:23  [ main:406 ] - [ INFO ]  parameternum:0
  2021-08-11 22:04:23  [ main:406 ] - [ INFO ]  extendnum:0
  2021-08-11 22:04:23  [ main:406 ] - [ INFO ]  overridenum:0
  2021-08-11 22:04:23  [ main:459 ] - [ INFO ]  Process finish!
  2021-08-11 22:04:35  [ main:0 ] - [ INFO ]  parseC:\Users\ding7\Desktop\newtest\preprocessor\Conditional inclusion.cpp
  2021-08-11 22:04:36  [ main:411 ] - [ INFO ]  start dependency
  2021-08-11 22:04:36  [ main:414 ] - [ INFO ]  includenum:0
  2021-08-11 22:04:36  [ main:414 ] - [ INFO ]  definenum:0
  2021-08-11 22:04:36  [ main:414 ] - [ INFO ]  callnum:0
  2021-08-11 22:04:36  [ main:414 ] - [ INFO ]  returnnum:0
  2021-08-11 22:04:36  [ main:414 ] - [ INFO ]  parameternum:0
  2021-08-11 22:04:36  [ main:414 ] - [ INFO ]  extendnum:0
  2021-08-11 22:04:36  [ main:414 ] - [ INFO ]  overridenum:0
  2021-08-11 22:04:36  [ main:463 ] - [ INFO ]  Process finish!
  2021-08-11 22:05:08  [ main:0 ] - [ INFO ]  parseC:\Users\ding7\Desktop\newtest\preprocessor\Conditional inclusion.cpp
  2021-08-11 22:05:08  [ main:402 ] - [ INFO ]  start dependency
  2021-08-11 22:05:08  [ main:403 ] - [ INFO ]  includenum:0
  2021-08-11 22:05:08  [ main:404 ] - [ INFO ]  definenum:0
  2021-08-11 22:05:08  [ main:404 ] - [ INFO ]  callnum:0
  2021-08-11 22:05:08  [ main:404 ] - [ INFO ]  returnnum:0
  2021-08-11 22:05:08  [ main:404 ] - [ INFO ]  parameternum:0
  2021-08-11 22:05:08  [ main:404 ] - [ INFO ]  extendnum:0
  2021-08-11 22:05:08  [ main:404 ] - [ INFO ]  overridenum:0
  2021-08-11 22:05:09  [ main:456 ] - [ INFO ]  Process finish!
  2021-08-11 22:05:24  [ main:0 ] - [ INFO ]  parseC:\Users\ding7\Desktop\newtest\preprocessor\Conditional inclusion.cpp
  2021-08-11 22:05:24  [ main:398 ] - [ INFO ]  start dependency
  2021-08-11 22:05:24  [ main:400 ] - [ INFO ]  includenum:0
  2021-08-11 22:05:24  [ main:400 ] - [ INFO ]  definenum:0
  2021-08-11 22:05:24  [ main:400 ] - [ INFO ]  callnum:0
  2021-08-11 22:05:24  [ main:400 ] - [ INFO ]  returnnum:0
  2021-08-11 22:05:24  [ main:400 ] - [ INFO ]  parameternum:0
  2021-08-11 22:05:24  [ main:400 ] - [ INFO ]  extendnum:0
  2021-08-11 22:05:24  [ main:400 ] - [ INFO ]  overridenum:0
  2021-08-11 22:05:24  [ main:451 ] - [ INFO ]  Process finish!
  2021-08-11 22:06:00  [ main:0 ] - [ INFO ]  parseC:\Users\ding7\Desktop\newtest\preprocessor\Conditional inclusion.cpp
  2021-08-11 22:06:00  [ main:421 ] - [ INFO ]  start dependency
  2021-08-11 22:06:00  [ main:423 ] - [ INFO ]  includenum:0
  2021-08-11 22:06:00  [ main:423 ] - [ INFO ]  definenum:0
  2021-08-11 22:06:00  [ main:423 ] - [ INFO ]  callnum:0
  2021-08-11 22:06:00  [ main:423 ] - [ INFO ]  returnnum:0
  2021-08-11 22:06:00  [ main:424 ] - [ INFO ]  parameternum:0
  2021-08-11 22:06:00  [ main:424 ] - [ INFO ]  extendnum:0
  2021-08-11 22:06:00  [ main:424 ] - [ INFO ]  overridenum:0
  2021-08-11 22:06:00  [ main:475 ] - [ INFO ]  Process finish!
  